2025-05-04T15:06:51.147Z - Unhandled Rejection: Error [ERR_UNHANDLED_ERROR]: Unhandled error. ('reconnect')
2025-05-04T15:06:51.473Z - Unhandled Rejection: Error [ERR_UNHANDLED_ERROR]: Unhandled error. ('reconnect')
2025-05-04T20:39:58.608Z - Unhandled Rejection: Error [ERR_UNHANDLED_ERROR]: Unhandled error. ('reconnect')
2025-05-04T20:39:58.929Z - Unhandled Rejection: Error [ERR_UNHANDLED_ERROR]: Unhandled error. ('reconnect')
2025-05-21T14:12:35.459Z - Unhandled Rejection: Error [ERR_UNHANDLED_ERROR]: Unhandled error. ('reconnect')
2025-05-31T19:27:29.445Z - Unhandled Rejection: Error [ERR_UNHANDLED_ERROR]: Unhandled error. ('reconnect')
2025-05-31T19:27:29.450Z - Unhandled Rejection: Error [ERR_UNHANDLED_ERROR]: Unhandled error. ('reconnect')
2025-06-01T19:39:32.215Z - Uncaught Exception: Error: Opening handshake has timed out
    at ClientRequest.<anonymous> (C:\Users\xampo\Desktop\Draxmh Discord Bot\node_modules\ws\lib\websocket.js:873:7)
    at ClientRequest.emit (node:events:518:28)
    at TLSSocket.emitRequestTimeout (node:_http_client:851:9)
    at Object.onceWrapper (node:events:632:28)
    at TLSSocket.emit (node:events:518:28)
    at Socket._onTimeout (node:net:595:8)
    at listOnTimeout (node:internal/timers:594:17)
    at process.processTimers (node:internal/timers:529:7)
2025-06-06T05:06:09.642Z - Unhandled Rejection: Error: getaddrinfo EAI_AGAIN discord.com
2025-06-06T05:06:13.787Z - Unhandled Rejection: Error: getaddrinfo EAI_AGAIN discord.com
2025-06-06T05:11:11.387Z - Unhandled Rejection: Error: getaddrinfo EAI_AGAIN discord.com
2025-06-06T05:11:14.430Z - Unhandled Rejection: Error: getaddrinfo EAI_AGAIN discord.com
2025-06-07T16:46:06.313Z - Unhandled Rejection: Error [ERR_UNHANDLED_ERROR]: Unhandled error. ('reconnect')
2025-06-07T16:46:06.326Z - Unhandled Rejection: Error [ERR_UNHANDLED_ERROR]: Unhandled error. ('reconnect')
2025-06-13T23:45:49.280Z - Unhandled Rejection: Error [ERR_UNHANDLED_ERROR]: Unhandled error. ('reconnect')
2025-06-13T23:45:49.517Z - Unhandled Rejection: Error [ERR_UNHANDLED_ERROR]: Unhandled error. ('reconnect')
2025-06-15T08:36:55.035Z - Unhandled Rejection: Error [ERR_UNHANDLED_ERROR]: Unhandled error. ('reconnect')
2025-06-15T08:36:55.066Z - Unhandled Rejection: Error [ERR_UNHANDLED_ERROR]: Unhandled error. ('reconnect')
2025-06-17T06:38:13.709Z - Unhandled Rejection: Error [ERR_UNHANDLED_ERROR]: Unhandled error. ('reconnect')
2025-06-17T14:13:29.696Z - Unhandled Rejection: Error [ERR_UNHANDLED_ERROR]: Unhandled error. ('reconnect')
2025-06-17T14:14:08.963Z - Uncaught Exception: Error: Opening handshake has timed out
    at ClientRequest.<anonymous> (C:\Users\xampo\Desktop\Draxmh Discord Bot\node_modules\ws\lib\websocket.js:873:7)
    at ClientRequest.emit (node:events:518:28)
    at TLSSocket.emitRequestTimeout (node:_http_client:851:9)
    at Object.onceWrapper (node:events:632:28)
    at TLSSocket.emit (node:events:518:28)
    at Socket._onTimeout (node:net:595:8)
    at listOnTimeout (node:internal/timers:594:17)
    at process.processTimers (node:internal/timers:529:7)
2025-06-21T17:16:40.089Z - Unhandled Rejection: Error [ERR_UNHANDLED_ERROR]: Unhandled error. ('reconnect')
2025-06-21T17:16:46.406Z - Unhandled Rejection: Error [ERR_UNHANDLED_ERROR]: Unhandled error. ('reconnect')
2025-07-10T19:59:01.107Z - Unhandled Rejection: Error [ERR_UNHANDLED_ERROR]: Unhandled error. ('reconnect')
2025-07-11T04:09:06.063Z - Unhandled Rejection: Error [ERR_UNHANDLED_ERROR]: Unhandled error. ('reconnect')
2025-07-11T04:09:48.323Z - Uncaught Exception: Error: Opening handshake has timed out
    at ClientRequest.<anonymous> (C:\Users\xampo\Desktop\Draxmh Discord Bot\node_modules\ws\lib\websocket.js:873:7)
    at ClientRequest.emit (node:events:507:28)
    at TLSSocket.emitRequestTimeout (node:_http_client:863:9)
    at Object.onceWrapper (node:events:621:28)
    at TLSSocket.emit (node:events:507:28)
    at Socket._onTimeout (node:net:604:8)
    at listOnTimeout (node:internal/timers:608:17)
    at process.processTimers (node:internal/timers:543:7)
